TN:
SF:migrations/20211007075416_create_player_table.ts
FN:2,(anonymous_0)
FN:3,(anonymous_1)
FN:19,(anonymous_2)
FNF:3
FNH:2
FNDA:1,(anonymous_0)
FNDA:1,(anonymous_1)
FNDA:0,(anonymous_2)
DA:1,1
DA:3,1
DA:4,1
DA:5,1
DA:6,1
DA:7,1
DA:8,1
DA:9,1
DA:10,1
DA:11,1
DA:12,1
DA:13,1
DA:14,1
DA:16,1
DA:20,0
LF:15
LH:14
BRF:0
BRH:0
end_of_record
TN:
SF:migrations/20211007075427_create_raid_table.ts
FN:2,(anonymous_0)
FN:3,(anonymous_1)
FN:10,down
FNF:3
FNH:2
FNDA:1,(anonymous_0)
FNDA:1,(anonymous_1)
FNDA:0,down
DA:1,1
DA:3,1
DA:4,1
DA:5,1
DA:6,1
DA:7,1
DA:11,0
LF:7
LH:6
BRF:0
BRH:0
end_of_record
TN:
SF:migrations/20211007075447_create_player_raid_table.ts
FN:2,(anonymous_0)
FN:3,(anonymous_1)
FN:17,(anonymous_2)
FNF:3
FNH:2
FNDA:1,(anonymous_0)
FNDA:1,(anonymous_1)
FNDA:0,(anonymous_2)
DA:1,1
DA:3,1
DA:4,1
DA:9,1
DA:10,1
DA:11,1
DA:12,1
DA:14,1
DA:18,0
LF:9
LH:8
BRF:0
BRH:0
end_of_record
TN:
SF:migrations/20220228205852_create_player_alt_table.ts
FN:2,(anonymous_0)
FN:3,(anonymous_1)
FN:11,(anonymous_2)
FNF:3
FNH:2
FNDA:1,(anonymous_0)
FNDA:1,(anonymous_1)
FNDA:0,(anonymous_2)
DA:1,1
DA:3,1
DA:4,1
DA:5,1
DA:6,1
DA:7,1
DA:8,1
DA:12,0
LF:8
LH:7
BRF:0
BRH:0
end_of_record
TN:
SF:migrations/20220301135452_add_split_to_raid_table.ts
FN:2,(anonymous_0)
FN:3,(anonymous_1)
FN:8,(anonymous_2)
FN:9,(anonymous_3)
FNF:4
FNH:2
FNDA:1,(anonymous_0)
FNDA:1,(anonymous_1)
FNDA:0,(anonymous_2)
FNDA:0,(anonymous_3)
DA:1,1
DA:3,1
DA:4,1
DA:5,1
DA:9,0
DA:10,0
LF:6
LH:4
BRF:0
BRH:0
end_of_record
TN:
SF:migrations/20220305210542_create_raffle_table.ts
FN:2,(anonymous_0)
FN:3,(anonymous_1)
FN:18,(anonymous_2)
FNF:3
FNH:2
FNDA:1,(anonymous_0)
FNDA:1,(anonymous_1)
FNDA:0,(anonymous_2)
DA:1,1
DA:3,1
DA:4,1
DA:5,1
DA:6,1
DA:7,1
DA:8,1
DA:9,1
DA:11,1
DA:12,1
DA:14,1
DA:15,1
DA:19,0
LF:13
LH:12
BRF:0
BRH:0
end_of_record
TN:
SF:src/constants.ts
FNF:0
FNH:0
DA:1,1
DA:2,1
DA:3,1
LF:3
LH:3
BRDA:2,0,0,1
BRDA:2,0,1,1
BRDA:4,1,0,1
BRDA:4,1,1,1
BRDA:5,2,0,1
BRDA:5,2,1,1
BRDA:6,3,0,1
BRDA:6,3,1,1
BRDA:7,4,0,1
BRDA:7,4,1,1
BRDA:8,5,0,1
BRDA:8,5,1,1
BRF:12
BRH:12
end_of_record
TN:
SF:src/commands/raids/fetch.ts
FN:3,(anonymous_0)
FNF:1
FNH:1
FNDA:1,(anonymous_0)
DA:9,1
DA:10,1
DA:11,1
DA:12,0
DA:14,1
DA:21,1
LF:6
LH:5
BRDA:11,0,0,0
BRDA:11,0,1,1
BRDA:17,1,0,1
BRDA:17,1,1,0
BRF:4
BRH:2
end_of_record
TN:
SF:src/util/db.ts
FN:7,(anonymous_0)
FNF:1
FNH:1
FNDA:1,(anonymous_0)
DA:5,1
DA:7,1
DA:8,1
DA:9,1
DA:10,1
DA:11,1
DA:13,0
DA:25,1
LF:8
LH:7
BRDA:8,0,0,1
BRDA:8,0,1,0
BRDA:10,1,0,1
BRDA:10,1,1,0
BRF:4
BRH:2
end_of_record
TN:
SF:src/util/getTestDb.ts
FN:4,(anonymous_0)
FNF:1
FNH:1
FNDA:1,(anonymous_0)
DA:4,1
DA:5,1
DA:6,1
DA:9,1
DA:10,1
LF:5
LH:5
BRF:0
BRH:0
end_of_record
